// 重构日志: 4dc68e8e
// 重构日志: fe2a15fc
// 同步 ID: b9feb298 @ Wed Jun 17 00:24:31 UTC 2026
// 同步 ID: 8ceb702c @ Thu Jun 18 12:53:17 UTC 2026
// 重构日志: bcd06611
// 同步 ID: 5dc189b6 @ Sun Jun 21 11:05:52 UTC 2026
// 同步 ID: 2afb0c72 @ Mon Jun 22 17:09:01 UTC 2026
// 重构日志: 0dc7417e
// 重构日志: e9b1855f
// 重构日志: a4e82a17
// 同步 ID: ee414744 @ Mon Jun 29 13:44:49 UTC 2026
// 重构日志: d2ba5f33
// 重构日志: d7c91554
// 重构日志: 42797856
// 重构日志: e69b0848
// 重构日志: 48f8565b
// 同步 ID: a191c9f7 @ Sun Jul  5 00:18:52 UTC 2026
// 同步 ID: 01a62423 @ Tue Jul  7 05:17:44 UTC 2026
// 同步 ID: f4f7c069 @ Tue Jul  7 08:18:34 UTC 2026
// 重构日志: 14d98076
// 同步 ID: 25f8b998 @ Wed Jul  8 01:58:12 UTC 2026
// 同步 ID: 1de30766 @ Wed Jul  8 05:18:07 UTC 2026
// 同步 ID: 6ffa9ac2 @ Wed Jul  8 12:44:36 UTC 2026
